2024-04-23,13:45:09 [INFO] (app.py:app:300): Parsing config file /Users/jpj/.pyenv/versions/3.11.5/lib/python3.11/site-packages/tabpy/tabpy_server/app/../common/default.conf
2024-04-23,13:45:09 [DEBUG] (app.py:app:261): Parameter port set to "9004" from default value
2024-04-23,13:45:09 [DEBUG] (app.py:app:261): Parameter server_version set to "2.9.0" from default value
2024-04-23,13:45:09 [DEBUG] (app.py:app:261): Parameter evaluate_enabled set to "True" from default value
2024-04-23,13:45:09 [DEBUG] (app.py:app:261): Parameter evaluate_timeout set to "30" from default value
2024-04-23,13:45:09 [DEBUG] (app.py:app:261): Parameter upload_dir set to "/Users/jpj/.pyenv/versions/3.11.5/lib/python3.11/site-packages/tabpy/tmp/query_objects" from default value
2024-04-23,13:45:09 [DEBUG] (app.py:app:261): Parameter transfer_protocol set to "http" from default value
2024-04-23,13:45:09 [DEBUG] (app.py:app:268): Parameter certificate_file is not set
2024-04-23,13:45:09 [DEBUG] (app.py:app:268): Parameter key_file is not set
2024-04-23,13:45:09 [DEBUG] (app.py:app:261): Parameter state_file_path set to "/Users/jpj/.pyenv/versions/3.11.5/lib/python3.11/site-packages/tabpy/tabpy_server" from default value
2024-04-23,13:45:09 [DEBUG] (app.py:app:261): Parameter static_path set to "/Users/jpj/.pyenv/versions/3.11.5/lib/python3.11/site-packages/tabpy/tabpy_server/static" from default value
2024-04-23,13:45:09 [DEBUG] (app.py:app:268): Parameter TABPY_PWD_FILE is not set
2024-04-23,13:45:09 [DEBUG] (app.py:app:261): Parameter log_request_context set to "false" from default value
2024-04-23,13:45:09 [DEBUG] (app.py:app:261): Parameter max_request_size_in_mb set to "100" from default value
2024-04-23,13:45:09 [DEBUG] (app.py:app:261): Parameter gzip_enabled set to "True" from default value
2024-04-23,13:45:09 [DEBUG] (app.py:app:261): Parameter arrow_enabled set to "False" from default value
2024-04-23,13:45:09 [DEBUG] (app.py:app:261): Parameter arrowflight_port set to "13622" from default value
2024-04-23,13:45:09 [INFO] (app.py:app:363): Setting max request size to 104857600 bytes
2024-04-23,13:45:09 [INFO] (app.py:app:527): Loading state from state file /Users/jpj/.pyenv/versions/3.11.5/lib/python3.11/site-packages/tabpy/tabpy_server/state.ini
2024-04-23,13:45:09 [DEBUG] (app.py:app:379): Static pages folder set to "/Users/jpj/.pyenv/versions/3.11.5/lib/python3.11/site-packages/tabpy/tabpy_server/static"
2024-04-23,13:45:11 [INFO] (app.py:app:492): Password file is not specified: Authentication is not enabled
2024-04-23,13:45:11 [INFO] (app.py:app:411): Call context logging is disabled
2024-04-23,13:45:11 [INFO] (app.py:app:181): Initializing TabPy...
2024-04-23,13:45:11 [DEBUG] (selector_events.py:selector_events:54): Using selector: KqueueSelector
2024-04-23,13:45:11 [INFO] (callbacks.py:callbacks:43): Initializing TabPy Server...
2024-04-23,13:45:11 [DEBUG] (state.py:state:613): Loading option 'None' from section [Query Objects Service Versions]...
2024-04-23,13:45:11 [DEBUG] (state.py:state:635): Returning value '[]'
2024-04-23,13:45:11 [DEBUG] (state.py:state:148): Collected endpoints: {}
2024-04-23,13:45:11 [INFO] (app.py:app:185): Done initializing TabPy.
2024-04-23,13:45:11 [INFO] (callbacks.py:callbacks:64): Initializing models...
2024-04-23,13:45:11 [DEBUG] (state.py:state:613): Loading option 'None' from section [Query Objects Service Versions]...
2024-04-23,13:45:11 [DEBUG] (state.py:state:635): Returning value '[]'
2024-04-23,13:45:11 [DEBUG] (state.py:state:148): Collected endpoints: {}
2024-04-23,13:45:11 [INFO] (app.py:app:151): Web service listening on port 9004
2024-04-23,13:45:50 [CRITICAL] (app.py:app:173): Exiting on signal 2...
2024-04-23,13:45:50 [INFO] (app.py:app:179): Shutting down TabPy...
2024-04-23,13:45:50 [INFO] (app.py:app:179): Shutting down TabPy...
